#
# There is insufficient memory for the Java Runtime Environment to continue.
# Native memory allocation (malloc) failed to allocate 981056 bytes for Chunk::new
# Possible reasons:
#   The system is out of physical RAM or swap space
#   The process is running with CompressedOops enabled, and the Java Heap may be blocking the growth of the native heap
# Possible solutions:
#   Reduce memory load on the system
#   Increase physical memory or swap space
#   Check if swap backing store is full
#   Decrease Java heap size (-Xmx/-Xms)
#   Decrease number of Java threads
#   Decrease Java thread stack sizes (-Xss)
#   Set larger code cache with -XX:ReservedCodeCacheSize=
#   JVM is running with Unscaled Compressed Oops mode in which the Java heap is
#     placed in the first 4GB address space. The Java Heap base address is the
#     maximum limit for the native heap growth. Please use -XX:HeapBaseMinAddress
#     to set the Java Heap base and to place the Java Heap above 4GB virtual address.
# This output file may be truncated or incomplete.
#
#  Out of Memory Error (allocation.cpp:389), pid=10356, tid=0x0000000000003660
#
# JRE version: OpenJDK Runtime Environment (8.0_242-b01) (build 1.8.0_242-release-1644-b01)
# Java VM: OpenJDK 64-Bit Server VM (25.242-b01 mixed mode windows-amd64 compressed oops)
# Failed to write core dump. Minidumps are not enabled by default on client versions of Windows
#

---------------  T H R E A D  ---------------

Current thread (0x0000000019a3c800):  JavaThread "C2 CompilerThread2" daemon [_thread_in_native, id=13920, stack(0x000000001a510000,0x000000001a610000)]

Stack: [0x000000001a510000,0x000000001a610000]
[error occurred during error reporting (printing stack bounds), id 0xc0000005]

Native frames: (J=compiled Java code, j=interpreted, Vv=VM code, C=native code)


Current CompileTask:
C2:   3182 1470       4       java.net.URLClassLoader$1::run (5 bytes)


---------------  P R O C E S S  ---------------

Java Threads: ( => current thread )
  0x0000000019a3c000 JavaThread "Cache worker for file hash cache (C:\Users\jessi\.gradle\caches\6.5\fileHashes)" [_thread_blocked, id=13208, stack(0x000000001e950000,0x000000001ea50000)]
  0x0000000019a37000 JavaThread "File lock request listener" [_thread_in_native, id=2376, stack(0x000000001e850000,0x000000001e950000)]
  0x000000001c52e000 JavaThread "Cache worker for journal cache (C:\Users\jessi\.gradle\caches\journal-1)" [_thread_blocked, id=13912, stack(0x000000001e750000,0x000000001e850000)]
  0x000000001b229800 JavaThread "Thread-9" [_thread_blocked, id=9520, stack(0x000000001e450000,0x000000001e550000)]
  0x000000001c4ee800 JavaThread "Stdin handler" [_thread_blocked, id=9972, stack(0x000000001e350000,0x000000001e450000)]
  0x000000001c4ee000 JavaThread "Asynchronous log dispatcher for DefaultDaemonConnection: socket connection from /127.0.0.1:52133 to /127.0.0.1:52134" [_thread_blocked, id=15300, stack(0x000000001e250000,0x000000001e350000)]
  0x000000001c4bd800 JavaThread "Daemon worker" [_thread_in_vm, id=13708, stack(0x000000001e150000,0x000000001e250000)]
  0x000000001c431000 JavaThread "Cancel handler" [_thread_blocked, id=14952, stack(0x000000001e050000,0x000000001e150000)]
  0x000000001b10d000 JavaThread "Handler for socket connection from /127.0.0.1:52133 to /127.0.0.1:52134" [_thread_in_native, id=3708, stack(0x000000001df50000,0x000000001e050000)]
  0x000000001b10a000 JavaThread "Daemon" [_thread_blocked, id=5720, stack(0x000000001de50000,0x000000001df50000)]
  0x000000001c460000 JavaThread "Daemon periodic checks" [_thread_blocked, id=3704, stack(0x000000001db50000,0x000000001dc50000)]
  0x000000001c453800 JavaThread "Incoming local TCP Connector on port 52133" [_thread_in_native, id=9268, stack(0x000000001d8f0000,0x000000001d9f0000)]
  0x000000001c400800 JavaThread "Daemon health stats" [_thread_blocked, id=12820, stack(0x000000001d2b0000,0x000000001d3b0000)]
  0x0000000019ad6800 JavaThread "Service Thread" daemon [_thread_blocked, id=15040, stack(0x000000001a710000,0x000000001a810000)]
  0x0000000019a38800 JavaThread "C1 CompilerThread3" daemon [_thread_blocked, id=8684, stack(0x000000001a610000,0x000000001a710000)]
=>0x0000000019a3c800 JavaThread "C2 CompilerThread2" daemon [_thread_in_native, id=13920, stack(0x000000001a510000,0x000000001a610000)]
  0x0000000019a3e000 JavaThread "C2 CompilerThread1" daemon [_thread_blocked, id=9236, stack(0x000000001a410000,0x000000001a510000)]
  0x0000000017c49800 JavaThread "C2 CompilerThread0" daemon [_thread_blocked, id=3936, stack(0x000000001a310000,0x000000001a410000)]
  0x0000000019a36000 JavaThread "Attach Listener" daemon [_thread_blocked, id=7000, stack(0x000000001a210000,0x000000001a310000)]
  0x0000000019a34800 JavaThread "Signal Dispatcher" daemon [_thread_blocked, id=4916, stack(0x000000001a110000,0x000000001a210000)]
  0x0000000019a21800 JavaThread "Finalizer" daemon [_thread_blocked, id=9576, stack(0x0000000019f00000,0x000000001a000000)]
  0x0000000019a20800 JavaThread "Reference Handler" daemon [_thread_blocked, id=5692, stack(0x0000000019e00000,0x0000000019f00000)]
  0x000000000106e800 JavaThread "main" [_thread_blocked, id=10324, stack(0x00000000028d0000,0x00000000029d0000)]

Other Threads:
  0x0000000017c38000 VMThread [stack: 0x0000000019900000,0x0000000019a00000] [id=10544]
  0x0000000019a99800 WatcherThread [stack: 0x000000001a810000,0x000000001a910000] [id=1920]

VM state:not at safepoint (normal execution)

VM Mutex/Monitor currently owned by a thread: None

heap address: 0x0000000080000000, size: 2048 MB, Compressed Oops mode: 32-bit
Narrow klass base: 0x0000000000000000, Narrow klass shift: 3
Compressed class space size: 1073741824 Address: 0x0000000100000000

Heap:
 PSYoungGen      total 38400K, used 6807K [0x00000000d5580000, 0x00000000d8000000, 0x0000000100000000)
  eden space 33280K, 5% used [0x00000000d5580000,0x00000000d5728890,0x00000000d7600000)
  from space 5120K, 99% used [0x00000000d7b00000,0x00000000d7ffd448,0x00000000d8000000)
  to   space 5120K, 0% used [0x00000000d7600000,0x00000000d7600000,0x00000000d7b00000)
 ParOldGen       total 87552K, used 3516K [0x0000000080000000, 0x0000000085580000, 0x00000000d5580000)
  object space 87552K, 4% used [0x0000000080000000,0x000000008036f248,0x0000000085580000)
 Metaspace       used 15581K, capacity 16112K, committed 16384K, reserved 1062912K
  class space    used 2048K, capacity 2192K, committed 2304K, reserved 1048576K

Card table byte_map: [0x0000000011f90000,0x00000000123a0000] byte_map_base: 0x0000000011b90000

Marking Bits: (ParMarkBitMap*) 0x000000005760f030
 Begin Bits: [0x0000000012e50000, 0x0000000014e50000)
 End Bits:   [0x0000000014e50000, 0x0000000016e50000)

Polling page: 0x00000000010b0000

CodeCache: size=245760Kb used=5288Kb max_used=5300Kb free=240471Kb
 bounds [0x0000000002bd0000, 0x0000000003110000, 0x0000000011bd0000]
 total_blobs=1872 nmethods=1481 adapters=304
 compilation: enabled

Compilation events (10 events):
Event: 3.123 Thread 0x0000000019a38800 nmethod 1477 0x00000000030ef9d0 code [0x00000000030efb20, 0x00000000030efc30]
Event: 3.133 Thread 0x0000000017c49800 1478       4       java.util.regex.Pattern::has (15 bytes)
Event: 3.133 Thread 0x0000000017c49800 nmethod 1478 0x00000000030ef790 code [0x00000000030ef8c0, 0x00000000030ef938]
Event: 3.147 Thread 0x0000000019a3e000 1479       4       java.lang.ref.ReferenceQueue::reallyPoll (65 bytes)
Event: 3.147 Thread 0x0000000019a38800 1480       3       java.util.zip.Inflater::finalize (5 bytes)
Event: 3.147 Thread 0x0000000019a38800 nmethod 1480 0x00000000030ef3d0 code [0x00000000030ef540, 0x00000000030ef6e8]
Event: 3.149 Thread 0x0000000019a3e000 nmethod 1479 0x00000000030fc790 code [0x00000000030fc8c0, 0x00000000030fc9f8]
Event: 3.158 Thread 0x0000000019a38800 1483       3       sun.invoke.util.Wrapper::forPrimitiveType (49 bytes)
Event: 3.159 Thread 0x0000000019a38800 nmethod 1483 0x00000000030fe610 code [0x00000000030fe8a0, 0x00000000030ffa58]
Event: 3.176 Thread 0x0000000017c49800 1484       4       java.util.jar.Attributes$Name::hashCode (24 bytes)

GC Heap History (8 events):
Event: 0.974 GC heap before
{Heap before GC invocations=1 (full 0):
 PSYoungGen      total 38400K, used 33280K [0x00000000d5580000, 0x00000000d8000000, 0x0000000100000000)
  eden space 33280K, 100% used [0x00000000d5580000,0x00000000d7600000,0x00000000d7600000)
  from space 5120K, 0% used [0x00000000d7b00000,0x00000000d7b00000,0x00000000d8000000)
  to   space 5120K, 0% used [0x00000000d7600000,0x00000000d7600000,0x00000000d7b00000)
 ParOldGen       total 87552K, used 0K [0x0000000080000000, 0x0000000085580000, 0x00000000d5580000)
  object space 87552K, 0% used [0x0000000080000000,0x0000000080000000,0x0000000085580000)
 Metaspace       used 7545K, capacity 7850K, committed 8064K, reserved 1056768K
  class space    used 931K, capacity 1041K, committed 1152K, reserved 1048576K
Event: 0.982 GC heap after
Heap after GC invocations=1 (full 0):
 PSYoungGen      total 38400K, used 4536K [0x00000000d5580000, 0x00000000d8000000, 0x0000000100000000)
  eden space 33280K, 0% used [0x00000000d5580000,0x00000000d5580000,0x00000000d7600000)
  from space 5120K, 88% used [0x00000000d7600000,0x00000000d7a6e328,0x00000000d7b00000)
  to   space 5120K, 0% used [0x00000000d7b00000,0x00000000d7b00000,0x00000000d8000000)
 ParOldGen       total 87552K, used 16K [0x0000000080000000, 0x0000000085580000, 0x00000000d5580000)
  object space 87552K, 0% used [0x0000000080000000,0x0000000080004000,0x0000000085580000)
 Metaspace       used 7545K, capacity 7850K, committed 8064K, reserved 1056768K
  class space    used 931K, capacity 1041K, committed 1152K, reserved 1048576K
}
Event: 1.265 GC heap before
{Heap before GC invocations=2 (full 0):
 PSYoungGen      total 38400K, used 37816K [0x00000000d5580000, 0x00000000d8000000, 0x0000000100000000)
  eden space 33280K, 100% used [0x00000000d5580000,0x00000000d7600000,0x00000000d7600000)
  from space 5120K, 88% used [0x00000000d7600000,0x00000000d7a6e328,0x00000000d7b00000)
  to   space 5120K, 0% used [0x00000000d7b00000,0x00000000d7b00000,0x00000000d8000000)
 ParOldGen       total 87552K, used 16K [0x0000000080000000, 0x0000000085580000, 0x00000000d5580000)
  object space 87552K, 0% used [0x0000000080000000,0x0000000080004000,0x0000000085580000)
 Metaspace       used 7800K, capacity 8162K, committed 8320K, reserved 1056768K
  class space    used 957K, capacity 1081K, committed 1152K, reserved 1048576K
Event: 1.269 GC heap after
Heap after GC invocations=2 (full 0):
 PSYoungGen      total 38400K, used 3389K [0x00000000d5580000, 0x00000000da080000, 0x0000000100000000)
  eden space 33280K, 0% used [0x00000000d5580000,0x00000000d5580000,0x00000000d7600000)
  from space 5120K, 66% used [0x00000000d7b00000,0x00000000d7e4f7f0,0x00000000d8000000)
  to   space 5120K, 0% used [0x00000000d7600000,0x00000000d7600000,0x00000000d7b00000)
 ParOldGen       total 87552K, used 24K [0x0000000080000000, 0x0000000085580000, 0x00000000d5580000)
  object space 87552K, 0% used [0x0000000080000000,0x0000000080006000,0x0000000085580000)
 Metaspace       used 7800K, capacity 8162K, committed 8320K, reserved 1056768K
  class space    used 957K, capacity 1081K, committed 1152K, reserved 1048576K
}
Event: 2.657 GC heap before
{Heap before GC invocations=3 (full 0):
 PSYoungGen      total 38400K, used 36669K [0x00000000d5580000, 0x00000000da080000, 0x0000000100000000)
  eden space 33280K, 100% used [0x00000000d5580000,0x00000000d7600000,0x00000000d7600000)
  from space 5120K, 66% used [0x00000000d7b00000,0x00000000d7e4f7f0,0x00000000d8000000)
  to   space 5120K, 0% used [0x00000000d7600000,0x00000000d7600000,0x00000000d7b00000)
 ParOldGen       total 87552K, used 24K [0x0000000080000000, 0x0000000085580000, 0x00000000d5580000)
  object space 87552K, 0% used [0x0000000080000000,0x0000000080006000,0x0000000085580000)
 Metaspace       used 12116K, capacity 12456K, committed 12544K, reserved 1060864K
  class space    used 1614K, capacity 1730K, committed 1792K, reserved 1048576K
Event: 2.669 GC heap after
Heap after GC invocations=3 (full 0):
 PSYoungGen      total 38400K, used 5104K [0x00000000d5580000, 0x00000000d8000000, 0x0000000100000000)
  eden space 33280K, 0% used [0x00000000d5580000,0x00000000d5580000,0x00000000d7600000)
  from space 5120K, 99% used [0x00000000d7600000,0x00000000d7afc010,0x00000000d7b00000)
  to   space 5120K, 0% used [0x00000000d7b00000,0x00000000d7b00000,0x00000000d8000000)
 ParOldGen       total 87552K, used 1178K [0x0000000080000000, 0x0000000085580000, 0x00000000d5580000)
  object space 87552K, 1% used [0x0000000080000000,0x0000000080126aa0,0x0000000085580000)
 Metaspace       used 12116K, capacity 12456K, committed 12544K, reserved 1060864K
  class space    used 1614K, capacity 1730K, committed 1792K, reserved 1048576K
}
Event: 3.135 GC heap before
{Heap before GC invocations=4 (full 0):
 PSYoungGen      total 38400K, used 38384K [0x00000000d5580000, 0x00000000d8000000, 0x0000000100000000)
  eden space 33280K, 100% used [0x00000000d5580000,0x00000000d7600000,0x00000000d7600000)
  from space 5120K, 99% used [0x00000000d7600000,0x00000000d7afc010,0x00000000d7b00000)
  to   space 5120K, 0% used [0x00000000d7b00000,0x00000000d7b00000,0x00000000d8000000)
 ParOldGen       total 87552K, used 1178K [0x0000000080000000, 0x0000000085580000, 0x00000000d5580000)
  object space 87552K, 1% used [0x0000000080000000,0x0000000080126aa0,0x0000000085580000)
 Metaspace       used 15280K, capacity 15842K, committed 16128K, reserved 1062912K
  class space    used 2016K, capacity 2189K, committed 2304K, reserved 1048576K
Event: 3.145 GC heap after
Heap after GC invocations=4 (full 0):
 PSYoungGen      total 38400K, used 5109K [0x00000000d5580000, 0x00000000d8000000, 0x0000000100000000)
  eden space 33280K, 0% used [0x00000000d5580000,0x00000000d5580000,0x00000000d7600000)
  from space 5120K, 99% used [0x00000000d7b00000,0x00000000d7ffd448,0x00000000d8000000)
  to   space 5120K, 0% used [0x00000000d7600000,0x00000000d7600000,0x00000000d7b00000)
 ParOldGen       total 87552K, used 3516K [0x0000000080000000, 0x0000000085580000, 0x00000000d5580000)
  object space 87552K, 4% used [0x0000000080000000,0x000000008036f248,0x0000000085580000)
 Metaspace       used 15280K, capacity 15842K, committed 16128K, reserved 1062912K
  class space    used 2016K, capacity 2189K, committed 2304K, reserved 1048576K
}

Deoptimization events (10 events):
Event: 2.680 Thread 0x000000001c4bd800 Uncommon trap: reason=bimorphic action=maybe_recompile pc=0x0000000002e92418 method=java.util.HashMap.putVal(ILjava/lang/Object;Ljava/lang/Object;ZZ)Ljava/lang/Object; @ 253
Event: 2.680 Thread 0x000000001c4bd800 Uncommon trap: reason=bimorphic action=maybe_recompile pc=0x0000000002e92418 method=java.util.HashMap.putVal(ILjava/lang/Object;Ljava/lang/Object;ZZ)Ljava/lang/Object; @ 253
Event: 2.680 Thread 0x000000001c4bd800 Uncommon trap: reason=bimorphic action=maybe_recompile pc=0x0000000002e92418 method=java.util.HashMap.putVal(ILjava/lang/Object;Ljava/lang/Object;ZZ)Ljava/lang/Object; @ 253
Event: 2.681 Thread 0x000000001c4bd800 Uncommon trap: reason=bimorphic action=maybe_recompile pc=0x0000000002e92418 method=java.util.HashMap.putVal(ILjava/lang/Object;Ljava/lang/Object;ZZ)Ljava/lang/Object; @ 253
Event: 3.007 Thread 0x000000001c4bd800 Uncommon trap: reason=class_check action=maybe_recompile pc=0x0000000002f057d8 method=java.util.regex.Matcher.match(II)Z @ 86
Event: 3.008 Thread 0x000000001c4bd800 Uncommon trap: reason=class_check action=maybe_recompile pc=0x0000000002f057d8 method=java.util.regex.Matcher.match(II)Z @ 86
Event: 3.008 Thread 0x000000001c4bd800 Uncommon trap: reason=class_check action=maybe_recompile pc=0x0000000002f057d8 method=java.util.regex.Matcher.match(II)Z @ 86
Event: 3.008 Thread 0x000000001c4bd800 Uncommon trap: reason=class_check action=maybe_recompile pc=0x0000000002d89ecc method=java.util.regex.Matcher.match(II)Z @ 86
Event: 3.162 Thread 0x000000001c4bd800 Uncommon trap: reason=unstable_if action=reinterpret pc=0x0000000002eef75c method=java.io.File.getName()Ljava/lang/String; @ 16
Event: 3.162 Thread 0x000000001c4bd800 Uncommon trap: reason=unstable_if action=reinterpret pc=0x0000000002eed1dc method=java.lang.String.substring(I)Ljava/lang/String; @ 35

Classes redefined (0 events):
No events

Internal exceptions (10 events):
Event: 0.778 Thread 0x000000000106e800 Exception <a 'java/lang/ArrayIndexOutOfBoundsException'> (0x00000000d6ba8b20) thrown at [C:\src\AOSP-openjdk-git\hotspot\src\share\vm\runtime\sharedRuntime.cpp, line 605]
Event: 0.778 Thread 0x000000000106e800 Exception <a 'java/lang/ArrayIndexOutOfBoundsException'> (0x00000000d6baa280) thrown at [C:\src\AOSP-openjdk-git\hotspot\src\share\vm\runtime\sharedRuntime.cpp, line 605]
Event: 2.516 Thread 0x000000000106e800 Exception <a 'java/io/IOException'> (0x00000000d7189d28) thrown at [C:\src\AOSP-openjdk-git\hotspot\src\share\vm\prims\jni.cpp, line 710]
Event: 2.563 Thread 0x000000001b10d000 Exception <a 'java/lang/NoSuchMethodError': <clinit>> (0x00000000d73eaa00) thrown at [C:\src\AOSP-openjdk-git\hotspot\src\share\vm\prims\jni.cpp, line 1615]
Event: 2.566 Thread 0x000000001b10d000 Exception <a 'java/lang/NoSuchMethodError': <clinit>> (0x00000000d73f4108) thrown at [C:\src\AOSP-openjdk-git\hotspot\src\share\vm\prims\jni.cpp, line 1615]
Event: 2.569 Thread 0x000000001b10d000 Exception <a 'java/lang/NoSuchMethodError': <clinit>> (0x00000000d74086f0) thrown at [C:\src\AOSP-openjdk-git\hotspot\src\share\vm\prims\jni.cpp, line 1615]
Event: 2.585 Thread 0x000000001b10d000 Exception <a 'java/lang/NoSuchMethodError': <clinit>> (0x00000000d7475eb8) thrown at [C:\src\AOSP-openjdk-git\hotspot\src\share\vm\prims\jni.cpp, line 1615]
Event: 2.599 Thread 0x000000001b10d000 Exception <a 'java/lang/NoSuchMethodError': <clinit>> (0x00000000d74b03a0) thrown at [C:\src\AOSP-openjdk-git\hotspot\src\share\vm\prims\jni.cpp, line 1615]
Event: 2.613 Thread 0x000000001b10d000 Exception <a 'java/lang/NoSuchMethodError': <clinit>> (0x00000000d74e5fb8) thrown at [C:\src\AOSP-openjdk-git\hotspot\src\share\vm\prims\jni.cpp, line 1615]
Event: 2.616 Thread 0x000000001b10d000 Exception <a 'java/lang/NoSuchMethodError': <clinit>> (0x00000000d74f24e8) thrown at [C:\src\AOSP-openjdk-git\hotspot\src\share\vm\prims\jni.cpp, line 1615]

Events (10 events):
Event: 3.176 loading class org/apache/commons/io/FileUtils
Event: 3.176 loading class org/apache/commons/io/FileUtils done
Event: 3.179 loading class org/apache/commons/io/filefilter/IOFileFilter
Event: 3.179 loading class org/apache/commons/io/filefilter/IOFileFilter done
Event: 3.180 loading class org/apache/commons/io/FileExistsException
Event: 3.180 loading class org/apache/commons/io/FileExistsException done
Event: 3.181 loading class java/util/zip/CheckedInputStream
Event: 3.181 loading class java/util/zip/CheckedInputStream done
Event: 3.181 loading class org/apache/commons/io/output/NullOutputStream
Event: 3.181 loading class org/apache/commons/io/output/NullOutputStream done


Dynamic libraries:
0x00007ff686000000 - 0x00007ff686031000 	C:\Program Files\Android\Android Studio\jre\bin\java.exe
0x00007ff9f9970000 - 0x00007ff9f9b65000 	C:\WINDOWS\SYSTEM32\ntdll.dll
0x00007ff9f7d00000 - 0x00007ff9f7dbd000 	C:\WINDOWS\System32\KERNEL32.DLL
0x00007ff9f7410000 - 0x00007ff9f76d8000 	C:\WINDOWS\System32\KERNELBASE.dll
0x00007ff9f89b0000 - 0x00007ff9f8a5c000 	C:\WINDOWS\System32\ADVAPI32.dll
0x00007ff9f8b70000 - 0x00007ff9f8c0e000 	C:\WINDOWS\System32\msvcrt.dll
0x00007ff9f8910000 - 0x00007ff9f89ab000 	C:\WINDOWS\System32\sechost.dll
0x00007ff9f9580000 - 0x00007ff9f96ab000 	C:\WINDOWS\System32\RPCRT4.dll
0x00007ff9f7f00000 - 0x00007ff9f80a0000 	C:\WINDOWS\System32\USER32.dll
0x00007ff9f7280000 - 0x00007ff9f72a2000 	C:\WINDOWS\System32\win32u.dll
0x00007ff9f8b40000 - 0x00007ff9f8b6a000 	C:\WINDOWS\System32\GDI32.dll
0x00007ff9f7790000 - 0x00007ff9f789b000 	C:\WINDOWS\System32\gdi32full.dll
0x00007ff9f7110000 - 0x00007ff9f71ad000 	C:\WINDOWS\System32\msvcp_win.dll
0x00007ff9f78a0000 - 0x00007ff9f79a0000 	C:\WINDOWS\System32\ucrtbase.dll
0x00007ff9d9a80000 - 0x00007ff9d9d1a000 	C:\WINDOWS\WinSxS\amd64_microsoft.windows.common-controls_6595b64144ccf1df_6.0.19041.844_none_ca00b6081b84eb1d\COMCTL32.dll
0x00007ff9f79d0000 - 0x00007ff9f7a00000 	C:\WINDOWS\System32\IMM32.DLL
0x0000000056c80000 - 0x0000000056d52000 	C:\Program Files\Android\Android Studio\jre\jre\bin\msvcr100.dll
0x0000000056e40000 - 0x000000005768b000 	C:\Program Files\Android\Android Studio\jre\jre\bin\server\jvm.dll
0x00007ff9f80a0000 - 0x00007ff9f80a8000 	C:\WINDOWS\System32\PSAPI.DLL
0x00007ff9f0400000 - 0x00007ff9f0409000 	C:\WINDOWS\SYSTEM32\WSOCK32.dll
0x00007ff9d1780000 - 0x00007ff9d17a7000 	C:\WINDOWS\SYSTEM32\WINMM.dll
0x00007ff9f94b0000 - 0x00007ff9f951b000 	C:\WINDOWS\System32\WS2_32.dll
0x00007ff9ed0c0000 - 0x00007ff9ed0ca000 	C:\WINDOWS\SYSTEM32\VERSION.dll
0x00007ff9e2490000 - 0x00007ff9e249f000 	C:\Program Files\Android\Android Studio\jre\jre\bin\verify.dll
0x00007ff9df490000 - 0x00007ff9df4b9000 	C:\Program Files\Android\Android Studio\jre\jre\bin\java.dll
0x00007ff9e2300000 - 0x00007ff9e2316000 	C:\Program Files\Android\Android Studio\jre\jre\bin\zip.dll
0x00007ff9f8140000 - 0x00007ff9f8882000 	C:\WINDOWS\System32\SHELL32.dll
0x00007ff9f5190000 - 0x00007ff9f5921000 	C:\WINDOWS\SYSTEM32\windows.storage.dll
0x00007ff9f8c10000 - 0x00007ff9f8f65000 	C:\WINDOWS\System32\combase.dll
0x00007ff9f6980000 - 0x00007ff9f69ac000 	C:\WINDOWS\SYSTEM32\Wldp.dll
0x00007ff9f96b0000 - 0x00007ff9f975e000 	C:\WINDOWS\System32\SHCORE.dll
0x00007ff9f8ae0000 - 0x00007ff9f8b35000 	C:\WINDOWS\System32\shlwapi.dll
0x00007ff9f6ff0000 - 0x00007ff9f700f000 	C:\WINDOWS\SYSTEM32\profapi.dll
0x00007ff9dfde0000 - 0x00007ff9dfdfa000 	C:\Program Files\Android\Android Studio\jre\jre\bin\net.dll
0x00007ff9f6760000 - 0x00007ff9f67ca000 	C:\WINDOWS\system32\mswsock.dll
0x00007ff9ddf80000 - 0x00007ff9ddf93000 	C:\Program Files\Android\Android Studio\jre\jre\bin\nio.dll
0x00007ff9d1c80000 - 0x00007ff9d1ca7000 	C:\Users\jessi\.gradle\native\f6784746aeab05261644944871eae4fe03e0ef1612fff0a4a95f87b438bc6780\windows-amd64\native-platform.dll
0x00007ff9e1f70000 - 0x00007ff9e1f7d000 	C:\Program Files\Android\Android Studio\jre\jre\bin\management.dll
0x00007ff9f6a30000 - 0x00007ff9f6a48000 	C:\WINDOWS\SYSTEM32\CRYPTSP.dll
0x00007ff9f6120000 - 0x00007ff9f6154000 	C:\WINDOWS\system32\rsaenh.dll
0x00007ff9f79a0000 - 0x00007ff9f79c7000 	C:\WINDOWS\System32\bcrypt.dll
0x00007ff9f6f20000 - 0x00007ff9f6f4e000 	C:\WINDOWS\SYSTEM32\USERENV.dll
0x00007ff9f71b0000 - 0x00007ff9f7230000 	C:\WINDOWS\System32\bcryptprimitives.dll
0x00007ff9f68e0000 - 0x00007ff9f68ec000 	C:\WINDOWS\SYSTEM32\CRYPTBASE.dll
0x00007ff9f6470000 - 0x00007ff9f64ab000 	C:\WINDOWS\SYSTEM32\IPHLPAPI.DLL
0x00007ff9f7cf0000 - 0x00007ff9f7cf8000 	C:\WINDOWS\System32\NSI.dll
0x00007ff9eb890000 - 0x00007ff9eb8a7000 	C:\WINDOWS\SYSTEM32\dhcpcsvc6.DLL
0x00007ff9ebfa0000 - 0x00007ff9ebfbd000 	C:\WINDOWS\SYSTEM32\dhcpcsvc.DLL
0x00007ff9f64b0000 - 0x00007ff9f657c000 	C:\WINDOWS\SYSTEM32\DNSAPI.dll
0x00007ff9ec100000 - 0x00007ff9ec10b000 	C:\WINDOWS\SYSTEM32\WINNSI.DLL

VM Arguments:
jvm_args: -Xmx2048m -Dfile.encoding=UTF-8 -Duser.country=BR -Duser.language=pt -Duser.variant 
java_command: org.gradle.launcher.daemon.bootstrap.GradleDaemon 6.5
java_class_path (initial): C:\Users\jessi\.gradle\wrapper\dists\gradle-6.5-bin\6nifqtx7604sqp1q6g8wikw7p\gradle-6.5\lib\gradle-launcher-6.5.jar
Launcher Type: SUN_STANDARD

Environment Variables:
PATH=C:\Program Files (x86)\Common Files\Oracle\Java\javapath;C:\WINDOWS\system32;C:\WINDOWS;C:\WINDOWS\System32\Wbem;C:\WINDOWS\System32\WindowsPowerShell\v1.0\;C:\WINDOWS\System32\OpenSSH\;C:\Program Files\Git\cmd;C:\Program Files (x86)\Intel\Intel(R) Management Engine Components\DAL;C:\Program Files\Intel\Intel(R) Management Engine Components\DAL;C:\Users\jessi\AppData\Local\Programs\Python\Python39\Scripts\;C:\Users\jessi\AppData\Local\Programs\Python\Python39\;C:\Users\jessi\AppData\Local\Microsoft\WindowsApps
USERNAME=jessi
OS=Windows_NT
PROCESSOR_IDENTIFIER=Intel64 Family 6 Model 142 Stepping 12, GenuineIntel



---------------  S Y S T E M  ---------------

OS: Windows 10.0 , 64 bit Build 19041 (10.0.19041.928)

CPU:total 8 (initial active 8) (4 cores per cpu, 2 threads per core) family 6 model 142 stepping 12, cmov, cx8, fxsr, mmx, sse, sse2, sse3, ssse3, sse4.1, sse4.2, popcnt, avx, avx2, aes, clmul, erms, 3dnowpref, lzcnt, ht, tsc, tscinvbit, bmi1, bmi2, adx

Memory: 4k page, physical 8262116k(257520k free), swap 8262116k(5100k free)

vm_info: OpenJDK 64-Bit Server VM (25.242-b01) for windows-amd64 JRE (1.8.0_242-release-1644-b01), built by "builder" with MS VC++ 10.0 (VS2010)

time: Sun May 02 12:05:05 2021
timezone: Hora oficial do Brasil
elapsed time: 3 seconds (0d 0h 0m 3s)

