#
# There is insufficient memory for the Java Runtime Environment to continue.
# Native memory allocation (malloc) failed to allocate 411056 bytes for Chunk::new
# Possible reasons:
#   The system is out of physical RAM or swap space
#   The process is running with CompressedOops enabled, and the Java Heap may be blocking the growth of the native heap
# Possible solutions:
#   Reduce memory load on the system
#   Increase physical memory or swap space
#   Check if swap backing store is full
#   Decrease Java heap size (-Xmx/-Xms)
#   Decrease number of Java threads
#   Decrease Java thread stack sizes (-Xss)
#   Set larger code cache with -XX:ReservedCodeCacheSize=
#   JVM is running with Unscaled Compressed Oops mode in which the Java heap is
#     placed in the first 4GB address space. The Java Heap base address is the
#     maximum limit for the native heap growth. Please use -XX:HeapBaseMinAddress
#     to set the Java Heap base and to place the Java Heap above 4GB virtual address.
# This output file may be truncated or incomplete.
#
#  Out of Memory Error (allocation.cpp:389), pid=15068, tid=0x0000000000002d28
#
# JRE version: OpenJDK Runtime Environment (8.0_242-b01) (build 1.8.0_242-release-1644-b01)
# Java VM: OpenJDK 64-Bit Server VM (25.242-b01 mixed mode windows-amd64 compressed oops)
# Failed to write core dump. Minidumps are not enabled by default on client versions of Windows
#

---------------  T H R E A D  ---------------

Current thread (0x000000001a025000):  JavaThread "C2 CompilerThread0" daemon [_thread_in_native, id=11560, stack(0x000000001a900000,0x000000001aa00000)]

Stack: [0x000000001a900000,0x000000001aa00000]
[error occurred during error reporting (printing stack bounds), id 0xc0000005]

Native frames: (J=compiled Java code, j=interpreted, Vv=VM code, C=native code)


Current CompileTask:
C2:  18868 1756   !   4       java.lang.ClassLoader::getPackage (118 bytes)


---------------  P R O C E S S  ---------------

Java Threads: ( => current thread )
  0x000000001b422000 JavaThread "Cache worker for file hash cache (C:\Users\jessi\AndroidStudioProjects\RecyclerView\.gradle\6.5\fileHashes)" [_thread_blocked, id=11476, stack(0x0000000020680000,0x0000000020780000)]
  0x000000001b420800 JavaThread "Cache worker for file hash cache (C:\Users\jessi\.gradle\caches\6.5\fileHashes)" [_thread_blocked, id=8552, stack(0x0000000020380000,0x0000000020480000)]
  0x000000001af08800 JavaThread "File lock request listener" [_thread_in_native, id=14080, stack(0x000000001ee40000,0x000000001ef40000)]
  0x000000001bf92800 JavaThread "Cache worker for journal cache (C:\Users\jessi\.gradle\caches\journal-1)" [_thread_blocked, id=5216, stack(0x000000001ed40000,0x000000001ee40000)]
  0x000000001c270800 JavaThread "Thread-9" [_thread_blocked, id=3232, stack(0x000000001ea40000,0x000000001eb40000)]
  0x000000001c9ca000 JavaThread "Stdin handler" [_thread_blocked, id=4520, stack(0x000000001e940000,0x000000001ea40000)]
  0x000000001c9c8000 JavaThread "Asynchronous log dispatcher for DefaultDaemonConnection: socket connection from /127.0.0.1:52104 to /127.0.0.1:52105" [_thread_blocked, id=5220, stack(0x000000001e840000,0x000000001e940000)]
  0x000000001c9d4000 JavaThread "Daemon worker" [_thread_in_vm, id=3256, stack(0x000000001e740000,0x000000001e840000)]
  0x000000001c9d3000 JavaThread "Cancel handler" [_thread_blocked, id=6512, stack(0x000000001e640000,0x000000001e740000)]
  0x000000001c988000 JavaThread "Handler for socket connection from /127.0.0.1:52104 to /127.0.0.1:52105" [_thread_in_native, id=4124, stack(0x000000001e540000,0x000000001e640000)]
  0x000000001c983800 JavaThread "Daemon" [_thread_blocked, id=10396, stack(0x000000001e440000,0x000000001e540000)]
  0x000000001c921000 JavaThread "Daemon periodic checks" [_thread_blocked, id=10604, stack(0x000000001e140000,0x000000001e240000)]
  0x000000001c91e800 JavaThread "Incoming local TCP Connector on port 52104" [_thread_in_native, id=10064, stack(0x000000001dee0000,0x000000001dfe0000)]
  0x000000001c84a000 JavaThread "Daemon health stats" [_thread_blocked, id=3220, stack(0x000000001d8a0000,0x000000001d9a0000)]
  0x000000001a0ae800 JavaThread "Service Thread" daemon [_thread_blocked, id=14168, stack(0x000000001ad00000,0x000000001ae00000)]
  0x000000001a02b000 JavaThread "C1 CompilerThread3" daemon [_thread_blocked, id=14032, stack(0x000000001ac00000,0x000000001ad00000)]
  0x000000001a027000 JavaThread "C2 CompilerThread2" daemon [_thread_blocked, id=7336, stack(0x000000001ab00000,0x000000001ac00000)]
  0x000000001822b000 JavaThread "C2 CompilerThread1" daemon [_thread_blocked, id=8216, stack(0x000000001aa00000,0x000000001ab00000)]
=>0x000000001a025000 JavaThread "C2 CompilerThread0" daemon [_thread_in_native, id=11560, stack(0x000000001a900000,0x000000001aa00000)]
  0x000000001a023800 JavaThread "Attach Listener" daemon [_thread_blocked, id=3412, stack(0x000000001a800000,0x000000001a900000)]
  0x000000001a022800 JavaThread "Signal Dispatcher" daemon [_thread_blocked, id=5524, stack(0x000000001a700000,0x000000001a800000)]
  0x000000001a011800 JavaThread "Finalizer" daemon [_thread_blocked, id=15236, stack(0x000000001a4f0000,0x000000001a5f0000)]
  0x000000001a010800 JavaThread "Reference Handler" daemon [_thread_blocked, id=4652, stack(0x000000001a3f0000,0x000000001a4f0000)]
  0x00000000030ae800 JavaThread "main" [_thread_blocked, id=11772, stack(0x0000000002f90000,0x0000000003090000)]

Other Threads:
  0x0000000018218000 VMThread [stack: 0x0000000019ef0000,0x0000000019ff0000] [id=10244]
  0x000000001a0af000 WatcherThread [stack: 0x000000001ae00000,0x000000001af00000] [id=8580]

VM state:not at safepoint (normal execution)

VM Mutex/Monitor currently owned by a thread: None

heap address: 0x0000000080000000, size: 2048 MB, Compressed Oops mode: 32-bit
Narrow klass base: 0x0000000000000000, Narrow klass shift: 3
Compressed class space size: 1073741824 Address: 0x0000000100000000

Heap:
 PSYoungGen      total 38400K, used 24888K [0x00000000d5580000, 0x00000000d8000000, 0x0000000100000000)
  eden space 33280K, 59% used [0x00000000d5580000,0x00000000d68d20e8,0x00000000d7600000)
  from space 5120K, 99% used [0x00000000d7600000,0x00000000d7afc010,0x00000000d7b00000)
  to   space 5120K, 0% used [0x00000000d7b00000,0x00000000d7b00000,0x00000000d8000000)
 ParOldGen       total 87552K, used 6610K [0x0000000080000000, 0x0000000085580000, 0x00000000d5580000)
  object space 87552K, 7% used [0x0000000080000000,0x0000000080674998,0x0000000085580000)
 Metaspace       used 19519K, capacity 20186K, committed 20352K, reserved 1069056K
  class space    used 2702K, capacity 2881K, committed 2944K, reserved 1048576K

Card table byte_map: [0x0000000012570000,0x0000000012980000] byte_map_base: 0x0000000012170000

Marking Bits: (ParMarkBitMap*) 0x000000005760f030
 Begin Bits: [0x0000000013430000, 0x0000000015430000)
 End Bits:   [0x0000000015430000, 0x0000000017430000)

Polling page: 0x0000000002ed0000

CodeCache: size=245760Kb used=5529Kb max_used=5539Kb free=240230Kb
 bounds [0x00000000031b0000, 0x0000000003730000, 0x00000000121b0000]
 total_blobs=2025 nmethods=1612 adapters=326
 compilation: enabled

Compilation events (10 events):
Event: 18.759 Thread 0x000000001a02b000 nmethod 1754 0x0000000003711fd0 code [0x0000000003712120, 0x0000000003712230]
Event: 18.759 Thread 0x000000001a027000 nmethod 1755 0x00000000037140d0 code [0x0000000003714220, 0x00000000037142b8]
Event: 18.775 Thread 0x000000001822b000 nmethod 1745 0x000000000371b110 code [0x000000000371b320, 0x000000000371c3a8]
Event: 18.781 Thread 0x000000001a025000 1756   !   4       java.lang.ClassLoader::getPackage (118 bytes)
Event: 18.782 Thread 0x000000001a02b000 1757       1       java.util.concurrent.locks.AbstractOwnableSynchronizer::setExclusiveOwnerThread (6 bytes)
Event: 18.782 Thread 0x000000001a02b000 nmethod 1757 0x0000000003713e10 code [0x0000000003713f60, 0x0000000003714090]
Event: 18.793 Thread 0x000000001a02b000 1758       3       java.lang.invoke.MethodHandleNatives::refKindIsField (32 bytes)
Event: 18.793 Thread 0x000000001a02b000 nmethod 1758 0x0000000003713a90 code [0x0000000003713be0, 0x0000000003713d90]
Event: 18.804 Thread 0x000000001a02b000 1759       3       sun.reflect.NativeMethodAccessorImpl::invoke (104 bytes)
Event: 18.806 Thread 0x000000001a02b000 nmethod 1759 0x0000000003719150 code [0x00000000037193c0, 0x000000000371a858]

GC Heap History (10 events):
Event: 7.958 GC heap before
{Heap before GC invocations=1 (full 0):
 PSYoungGen      total 38400K, used 33280K [0x00000000d5580000, 0x00000000d8000000, 0x0000000100000000)
  eden space 33280K, 100% used [0x00000000d5580000,0x00000000d7600000,0x00000000d7600000)
  from space 5120K, 0% used [0x00000000d7b00000,0x00000000d7b00000,0x00000000d8000000)
  to   space 5120K, 0% used [0x00000000d7600000,0x00000000d7600000,0x00000000d7b00000)
 ParOldGen       total 87552K, used 0K [0x0000000080000000, 0x0000000085580000, 0x00000000d5580000)
  object space 87552K, 0% used [0x0000000080000000,0x0000000080000000,0x0000000085580000)
 Metaspace       used 7539K, capacity 7850K, committed 8064K, reserved 1056768K
  class space    used 931K, capacity 1041K, committed 1152K, reserved 1048576K
Event: 8.071 GC heap after
Heap after GC invocations=1 (full 0):
 PSYoungGen      total 38400K, used 4575K [0x00000000d5580000, 0x00000000d8000000, 0x0000000100000000)
  eden space 33280K, 0% used [0x00000000d5580000,0x00000000d5580000,0x00000000d7600000)
  from space 5120K, 89% used [0x00000000d7600000,0x00000000d7a77ca8,0x00000000d7b00000)
  to   space 5120K, 0% used [0x00000000d7b00000,0x00000000d7b00000,0x00000000d8000000)
 ParOldGen       total 87552K, used 16K [0x0000000080000000, 0x0000000085580000, 0x00000000d5580000)
  object space 87552K, 0% used [0x0000000080000000,0x0000000080004000,0x0000000085580000)
 Metaspace       used 7539K, capacity 7850K, committed 8064K, reserved 1056768K
  class space    used 931K, capacity 1041K, committed 1152K, reserved 1048576K
}
Event: 8.569 GC heap before
{Heap before GC invocations=2 (full 0):
 PSYoungGen      total 38400K, used 37855K [0x00000000d5580000, 0x00000000d8000000, 0x0000000100000000)
  eden space 33280K, 100% used [0x00000000d5580000,0x00000000d7600000,0x00000000d7600000)
  from space 5120K, 89% used [0x00000000d7600000,0x00000000d7a77ca8,0x00000000d7b00000)
  to   space 5120K, 0% used [0x00000000d7b00000,0x00000000d7b00000,0x00000000d8000000)
 ParOldGen       total 87552K, used 16K [0x0000000080000000, 0x0000000085580000, 0x00000000d5580000)
  object space 87552K, 0% used [0x0000000080000000,0x0000000080004000,0x0000000085580000)
 Metaspace       used 7796K, capacity 8162K, committed 8320K, reserved 1056768K
  class space    used 957K, capacity 1081K, committed 1152K, reserved 1048576K
Event: 8.575 GC heap after
Heap after GC invocations=2 (full 0):
 PSYoungGen      total 38400K, used 3406K [0x00000000d5580000, 0x00000000d8000000, 0x0000000100000000)
  eden space 33280K, 0% used [0x00000000d5580000,0x00000000d5580000,0x00000000d7600000)
  from space 5120K, 66% used [0x00000000d7b00000,0x00000000d7e53800,0x00000000d8000000)
  to   space 5120K, 0% used [0x00000000d7600000,0x00000000d7600000,0x00000000d7b00000)
 ParOldGen       total 87552K, used 24K [0x0000000080000000, 0x0000000085580000, 0x00000000d5580000)
  object space 87552K, 0% used [0x0000000080000000,0x0000000080006000,0x0000000085580000)
 Metaspace       used 7796K, capacity 8162K, committed 8320K, reserved 1056768K
  class space    used 957K, capacity 1081K, committed 1152K, reserved 1048576K
}
Event: 11.178 GC heap before
{Heap before GC invocations=3 (full 0):
 PSYoungGen      total 38400K, used 36686K [0x00000000d5580000, 0x00000000d8000000, 0x0000000100000000)
  eden space 33280K, 100% used [0x00000000d5580000,0x00000000d7600000,0x00000000d7600000)
  from space 5120K, 66% used [0x00000000d7b00000,0x00000000d7e53800,0x00000000d8000000)
  to   space 5120K, 0% used [0x00000000d7600000,0x00000000d7600000,0x00000000d7b00000)
 ParOldGen       total 87552K, used 24K [0x0000000080000000, 0x0000000085580000, 0x00000000d5580000)
  object space 87552K, 0% used [0x0000000080000000,0x0000000080006000,0x0000000085580000)
 Metaspace       used 12110K, capacity 12456K, committed 12544K, reserved 1060864K
  class space    used 1614K, capacity 1730K, committed 1792K, reserved 1048576K
Event: 11.190 GC heap after
Heap after GC invocations=3 (full 0):
 PSYoungGen      total 38400K, used 5104K [0x00000000d5580000, 0x00000000d8000000, 0x0000000100000000)
  eden space 33280K, 0% used [0x00000000d5580000,0x00000000d5580000,0x00000000d7600000)
  from space 5120K, 99% used [0x00000000d7600000,0x00000000d7afc010,0x00000000d7b00000)
  to   space 5120K, 0% used [0x00000000d7b00000,0x00000000d7b00000,0x00000000d8000000)
 ParOldGen       total 87552K, used 1143K [0x0000000080000000, 0x0000000085580000, 0x00000000d5580000)
  object space 87552K, 1% used [0x0000000080000000,0x000000008011df08,0x0000000085580000)
 Metaspace       used 12110K, capacity 12456K, committed 12544K, reserved 1060864K
  class space    used 1614K, capacity 1730K, committed 1792K, reserved 1048576K
}
Event: 13.944 GC heap before
{Heap before GC invocations=4 (full 0):
 PSYoungGen      total 38400K, used 38384K [0x00000000d5580000, 0x00000000d8000000, 0x0000000100000000)
  eden space 33280K, 100% used [0x00000000d5580000,0x00000000d7600000,0x00000000d7600000)
  from space 5120K, 99% used [0x00000000d7600000,0x00000000d7afc010,0x00000000d7b00000)
  to   space 5120K, 0% used [0x00000000d7b00000,0x00000000d7b00000,0x00000000d8000000)
 ParOldGen       total 87552K, used 1143K [0x0000000080000000, 0x0000000085580000, 0x00000000d5580000)
  object space 87552K, 1% used [0x0000000080000000,0x000000008011df08,0x0000000085580000)
 Metaspace       used 15259K, capacity 15842K, committed 16128K, reserved 1062912K
  class space    used 2013K, capacity 2189K, committed 2304K, reserved 1048576K
Event: 13.954 GC heap after
Heap after GC invocations=4 (full 0):
 PSYoungGen      total 38400K, used 5088K [0x00000000d5580000, 0x00000000d8000000, 0x0000000100000000)
  eden space 33280K, 0% used [0x00000000d5580000,0x00000000d5580000,0x00000000d7600000)
  from space 5120K, 99% used [0x00000000d7b00000,0x00000000d7ff8110,0x00000000d8000000)
  to   space 5120K, 0% used [0x00000000d7600000,0x00000000d7600000,0x00000000d7b00000)
 ParOldGen       total 87552K, used 3512K [0x0000000080000000, 0x0000000085580000, 0x00000000d5580000)
  object space 87552K, 4% used [0x0000000080000000,0x000000008036e298,0x0000000085580000)
 Metaspace       used 15259K, capacity 15842K, committed 16128K, reserved 1062912K
  class space    used 2013K, capacity 2189K, committed 2304K, reserved 1048576K
}
Event: 17.642 GC heap before
{Heap before GC invocations=5 (full 0):
 PSYoungGen      total 38400K, used 38368K [0x00000000d5580000, 0x00000000d8000000, 0x0000000100000000)
  eden space 33280K, 100% used [0x00000000d5580000,0x00000000d7600000,0x00000000d7600000)
  from space 5120K, 99% used [0x00000000d7b00000,0x00000000d7ff8110,0x00000000d8000000)
  to   space 5120K, 0% used [0x00000000d7600000,0x00000000d7600000,0x00000000d7b00000)
 ParOldGen       total 87552K, used 3512K [0x0000000080000000, 0x0000000085580000, 0x00000000d5580000)
  object space 87552K, 4% used [0x0000000080000000,0x000000008036e298,0x0000000085580000)
 Metaspace       used 17749K, capacity 18448K, committed 18560K, reserved 1064960K
  class space    used 2434K, capacity 2632K, committed 2688K, reserved 1048576K
Event: 17.659 GC heap after
Heap after GC invocations=5 (full 0):
 PSYoungGen      total 38400K, used 5104K [0x00000000d5580000, 0x00000000d8000000, 0x0000000100000000)
  eden space 33280K, 0% used [0x00000000d5580000,0x00000000d5580000,0x00000000d7600000)
  from space 5120K, 99% used [0x00000000d7600000,0x00000000d7afc010,0x00000000d7b00000)
  to   space 5120K, 0% used [0x00000000d7b00000,0x00000000d7b00000,0x00000000d8000000)
 ParOldGen       total 87552K, used 6610K [0x0000000080000000, 0x0000000085580000, 0x00000000d5580000)
  object space 87552K, 7% used [0x0000000080000000,0x0000000080674998,0x0000000085580000)
 Metaspace       used 17749K, capacity 18448K, committed 18560K, reserved 1064960K
  class space    used 2434K, capacity 2632K, committed 2688K, reserved 1048576K
}

Deoptimization events (10 events):
Event: 14.166 Thread 0x000000001c9d4000 Uncommon trap: reason=unstable_if action=reinterpret pc=0x00000000034d39d4 method=java.lang.String.substring(I)Ljava/lang/String; @ 35
Event: 14.415 Thread 0x000000001c9d4000 Uncommon trap: reason=unstable_if action=reinterpret pc=0x000000000368f3a8 method=java.util.jar.Manifest.getTrustedAttributes(Ljava/lang/String;)Ljava/util/jar/Attributes; @ 7
Event: 16.819 Thread 0x000000001c9d4000 Uncommon trap: reason=unstable_if action=reinterpret pc=0x00000000034d52f0 method=java.util.LinkedHashMap.afterNodeInsertion(Z)V @ 1
Event: 16.821 Thread 0x000000001c9d4000 Uncommon trap: reason=unstable_if action=reinterpret pc=0x0000000003424ac4 method=java.util.HashMap.getNode(ILjava/lang/Object;)Ljava/util/HashMap$Node; @ 129
Event: 16.821 Thread 0x000000001c9d4000 Uncommon trap: reason=bimorphic action=maybe_recompile pc=0x00000000036592f0 method=java.util.HashMap.putVal(ILjava/lang/Object;Ljava/lang/Object;ZZ)Ljava/lang/Object; @ 203
Event: 16.829 Thread 0x000000001c9d4000 Uncommon trap: reason=unstable_if action=reinterpret pc=0x000000000341e1d0 method=java.util.HashMap.getNode(ILjava/lang/Object;)Ljava/util/HashMap$Node; @ 129
Event: 16.829 Thread 0x000000001c9d4000 Uncommon trap: reason=bimorphic action=maybe_recompile pc=0x00000000036592f0 method=java.util.HashMap.putVal(ILjava/lang/Object;Ljava/lang/Object;ZZ)Ljava/lang/Object; @ 203
Event: 17.675 Thread 0x000000001c9d4000 Uncommon trap: reason=unstable_if action=reinterpret pc=0x0000000003344dcc method=java.util.jar.Attributes$Name.isDigit(C)Z @ 3
Event: 18.461 Thread 0x000000001c9d4000 Uncommon trap: reason=unstable_if action=reinterpret pc=0x0000000003380a08 method=java.net.URI.match(CJJ)Z @ 19
Event: 18.462 Thread 0x000000001c9d4000 Uncommon trap: reason=unstable_if action=reinterpret pc=0x0000000003464100 method=java.net.URI.match(CJJ)Z @ 19

Classes redefined (0 events):
No events

Internal exceptions (10 events):
Event: 11.062 Thread 0x000000001c988000 Exception <a 'java/lang/NoSuchMethodError': <clinit>> (0x00000000d7408ca8) thrown at [C:\src\AOSP-openjdk-git\hotspot\src\share\vm\prims\jni.cpp, line 1615]
Event: 11.092 Thread 0x000000001c988000 Exception <a 'java/lang/NoSuchMethodError': <clinit>> (0x00000000d7476470) thrown at [C:\src\AOSP-openjdk-git\hotspot\src\share\vm\prims\jni.cpp, line 1615]
Event: 11.123 Thread 0x000000001c988000 Exception <a 'java/lang/NoSuchMethodError': <clinit>> (0x00000000d74b0938) thrown at [C:\src\AOSP-openjdk-git\hotspot\src\share\vm\prims\jni.cpp, line 1615]
Event: 11.137 Thread 0x000000001c988000 Exception <a 'java/lang/NoSuchMethodError': <clinit>> (0x00000000d74e6550) thrown at [C:\src\AOSP-openjdk-git\hotspot\src\share\vm\prims\jni.cpp, line 1615]
Event: 11.141 Thread 0x000000001c988000 Exception <a 'java/lang/NoSuchMethodError': <clinit>> (0x00000000d74f2a80) thrown at [C:\src\AOSP-openjdk-git\hotspot\src\share\vm\prims\jni.cpp, line 1615]
Event: 14.789 Thread 0x000000001c9d4000 Exception <a 'java/lang/NoSuchMethodError': java.lang.Object.lambda$and$0(Ljava/util/function/Predicate;Ljava/lang/Object;)Z> (0x00000000d5845bd0) thrown at [C:\src\AOSP-openjdk-git\hotspot\src\share\vm\interpreter\linkResolver.cpp, line 620]
Event: 14.956 Thread 0x000000001c9d4000 Exception <a 'java/lang/IncompatibleClassChangeError': Found class java.lang.Object, but interface was expected> (0x00000000d5855ec8) thrown at [C:\src\AOSP-openjdk-git\hotspot\src\share\vm\interpreter\linkResolver.cpp, line 653]
Event: 15.005 Thread 0x000000001c9d4000 Exception <a 'java/lang/NoSuchMethodError': java.lang.Object.lambda$or$2(Ljava/util/function/Predicate;Ljava/lang/Object;)Z> (0x00000000d585aa18) thrown at [C:\src\AOSP-openjdk-git\hotspot\src\share\vm\interpreter\linkResolver.cpp, line 620]
Event: 17.170 Thread 0x000000001c9d4000 Exception <a 'java/lang/NoSuchMethodError': java.lang.Object.lambda$static$0(Lorg/gradle/internal/state/ModelObject;)Ljava/lang/String;> (0x00000000d7054530) thrown at [C:\src\AOSP-openjdk-git\hotspot\src\share\vm\interpreter\linkResolver.cpp, line 620]
Event: 18.824 Thread 0x000000001c9d4000 Exception <a 'java/lang/NoSuchMethodError': java.lang.Object.lambda$static$1(Lorg/gradle/internal/snapshot/SnapshotHierarchy$DiffCapturingUpdateFunction;)Lorg/gradle/internal/snapshot/AtomicSnapshotHierarchyReference$UpdateFunction;> (0x00000000d66e5e98) 

Events (10 events):
Event: 18.823 loading class org/gradle/api/internal/changedetection/state/SplitFileHasher
Event: 18.823 loading class org/gradle/api/internal/changedetection/state/SplitFileHasher done
Event: 18.823 loading class org/gradle/internal/snapshot/SnapshotHierarchy$DiffCapturingUpdateFunction
Event: 18.824 loading class org/gradle/internal/snapshot/SnapshotHierarchy$DiffCapturingUpdateFunction done
Event: 18.824 loading class org/gradle/internal/snapshot/SnapshotHierarchy$DiffCapturingUpdateFunction
Event: 18.824 loading class org/gradle/internal/snapshot/SnapshotHierarchy$DiffCapturingUpdateFunction done
Event: 18.824 loading class org/gradle/internal/snapshot/AtomicSnapshotHierarchyReference$UpdateFunction
Event: 18.824 loading class org/gradle/internal/snapshot/AtomicSnapshotHierarchyReference$UpdateFunction done
Event: 18.824 loading class org/gradle/internal/snapshot/SnapshotHierarchy$DiffCapturingUpdateFunction
Event: 18.824 loading class org/gradle/internal/snapshot/SnapshotHierarchy$DiffCapturingUpdateFunction done


Dynamic libraries:
0x00007ff686000000 - 0x00007ff686031000 	C:\Program Files\Android\Android Studio\jre\bin\java.exe
0x00007ff9f9970000 - 0x00007ff9f9b65000 	C:\WINDOWS\SYSTEM32\ntdll.dll
0x00007ff9f7d00000 - 0x00007ff9f7dbd000 	C:\WINDOWS\System32\KERNEL32.DLL
0x00007ff9f7410000 - 0x00007ff9f76d8000 	C:\WINDOWS\System32\KERNELBASE.dll
0x00007ff9f89b0000 - 0x00007ff9f8a5c000 	C:\WINDOWS\System32\ADVAPI32.dll
0x00007ff9f8b70000 - 0x00007ff9f8c0e000 	C:\WINDOWS\System32\msvcrt.dll
0x00007ff9f8910000 - 0x00007ff9f89ab000 	C:\WINDOWS\System32\sechost.dll
0x00007ff9f9580000 - 0x00007ff9f96ab000 	C:\WINDOWS\System32\RPCRT4.dll
0x00007ff9f7f00000 - 0x00007ff9f80a0000 	C:\WINDOWS\System32\USER32.dll
0x00007ff9f7280000 - 0x00007ff9f72a2000 	C:\WINDOWS\System32\win32u.dll
0x00007ff9f8b40000 - 0x00007ff9f8b6a000 	C:\WINDOWS\System32\GDI32.dll
0x00007ff9f7790000 - 0x00007ff9f789b000 	C:\WINDOWS\System32\gdi32full.dll
0x00007ff9f7110000 - 0x00007ff9f71ad000 	C:\WINDOWS\System32\msvcp_win.dll
0x00007ff9f78a0000 - 0x00007ff9f79a0000 	C:\WINDOWS\System32\ucrtbase.dll
0x00007ff9d9a80000 - 0x00007ff9d9d1a000 	C:\WINDOWS\WinSxS\amd64_microsoft.windows.common-controls_6595b64144ccf1df_6.0.19041.844_none_ca00b6081b84eb1d\COMCTL32.dll
0x00007ff9f79d0000 - 0x00007ff9f7a00000 	C:\WINDOWS\System32\IMM32.DLL
0x0000000056c80000 - 0x0000000056d52000 	C:\Program Files\Android\Android Studio\jre\jre\bin\msvcr100.dll
0x0000000056e40000 - 0x000000005768b000 	C:\Program Files\Android\Android Studio\jre\jre\bin\server\jvm.dll
0x00007ff9f80a0000 - 0x00007ff9f80a8000 	C:\WINDOWS\System32\PSAPI.DLL
0x00007ff9f0400000 - 0x00007ff9f0409000 	C:\WINDOWS\SYSTEM32\WSOCK32.dll
0x00007ff9d1780000 - 0x00007ff9d17a7000 	C:\WINDOWS\SYSTEM32\WINMM.dll
0x00007ff9ed0c0000 - 0x00007ff9ed0ca000 	C:\WINDOWS\SYSTEM32\VERSION.dll
0x00007ff9f94b0000 - 0x00007ff9f951b000 	C:\WINDOWS\System32\WS2_32.dll
0x00007ff9e2490000 - 0x00007ff9e249f000 	C:\Program Files\Android\Android Studio\jre\jre\bin\verify.dll
0x00007ff9df490000 - 0x00007ff9df4b9000 	C:\Program Files\Android\Android Studio\jre\jre\bin\java.dll
0x00007ff9e2300000 - 0x00007ff9e2316000 	C:\Program Files\Android\Android Studio\jre\jre\bin\zip.dll
0x00007ff9f8140000 - 0x00007ff9f8882000 	C:\WINDOWS\System32\SHELL32.dll
0x00007ff9f5190000 - 0x00007ff9f5921000 	C:\WINDOWS\SYSTEM32\windows.storage.dll
0x00007ff9f8c10000 - 0x00007ff9f8f65000 	C:\WINDOWS\System32\combase.dll
0x00007ff9f6980000 - 0x00007ff9f69ac000 	C:\WINDOWS\SYSTEM32\Wldp.dll
0x00007ff9f96b0000 - 0x00007ff9f975e000 	C:\WINDOWS\System32\SHCORE.dll
0x00007ff9f8ae0000 - 0x00007ff9f8b35000 	C:\WINDOWS\System32\shlwapi.dll
0x00007ff9f6ff0000 - 0x00007ff9f700f000 	C:\WINDOWS\SYSTEM32\profapi.dll
0x00007ff9dfde0000 - 0x00007ff9dfdfa000 	C:\Program Files\Android\Android Studio\jre\jre\bin\net.dll
0x00007ff9f6760000 - 0x00007ff9f67ca000 	C:\WINDOWS\system32\mswsock.dll
0x00007ff9ddf80000 - 0x00007ff9ddf93000 	C:\Program Files\Android\Android Studio\jre\jre\bin\nio.dll
0x00007ff9d1c80000 - 0x00007ff9d1ca7000 	C:\Users\jessi\.gradle\native\f6784746aeab05261644944871eae4fe03e0ef1612fff0a4a95f87b438bc6780\windows-amd64\native-platform.dll
0x00007ff9e1f70000 - 0x00007ff9e1f7d000 	C:\Program Files\Android\Android Studio\jre\jre\bin\management.dll
0x00007ff9f6a30000 - 0x00007ff9f6a48000 	C:\WINDOWS\SYSTEM32\CRYPTSP.dll
0x00007ff9f6120000 - 0x00007ff9f6154000 	C:\WINDOWS\system32\rsaenh.dll
0x00007ff9f79a0000 - 0x00007ff9f79c7000 	C:\WINDOWS\System32\bcrypt.dll
0x00007ff9f6f20000 - 0x00007ff9f6f4e000 	C:\WINDOWS\SYSTEM32\USERENV.dll
0x00007ff9f71b0000 - 0x00007ff9f7230000 	C:\WINDOWS\System32\bcryptprimitives.dll
0x00007ff9f68e0000 - 0x00007ff9f68ec000 	C:\WINDOWS\SYSTEM32\CRYPTBASE.dll
0x00007ff9f6470000 - 0x00007ff9f64ab000 	C:\WINDOWS\SYSTEM32\IPHLPAPI.DLL
0x00007ff9f7cf0000 - 0x00007ff9f7cf8000 	C:\WINDOWS\System32\NSI.dll
0x00007ff9eb890000 - 0x00007ff9eb8a7000 	C:\WINDOWS\SYSTEM32\dhcpcsvc6.DLL
0x00007ff9ebfa0000 - 0x00007ff9ebfbd000 	C:\WINDOWS\SYSTEM32\dhcpcsvc.DLL
0x00007ff9f64b0000 - 0x00007ff9f657c000 	C:\WINDOWS\SYSTEM32\DNSAPI.dll
0x00007ff9ec100000 - 0x00007ff9ec10b000 	C:\WINDOWS\SYSTEM32\WINNSI.DLL

VM Arguments:
jvm_args: -Xmx2048m -Dfile.encoding=UTF-8 -Duser.country=BR -Duser.language=pt -Duser.variant 
java_command: org.gradle.launcher.daemon.bootstrap.GradleDaemon 6.5
java_class_path (initial): C:\Users\jessi\.gradle\wrapper\dists\gradle-6.5-bin\6nifqtx7604sqp1q6g8wikw7p\gradle-6.5\lib\gradle-launcher-6.5.jar
Launcher Type: SUN_STANDARD

Environment Variables:
PATH=C:\Program Files (x86)\Common Files\Oracle\Java\javapath;C:\WINDOWS\system32;C:\WINDOWS;C:\WINDOWS\System32\Wbem;C:\WINDOWS\System32\WindowsPowerShell\v1.0\;C:\WINDOWS\System32\OpenSSH\;C:\Program Files\Git\cmd;C:\Program Files (x86)\Intel\Intel(R) Management Engine Components\DAL;C:\Program Files\Intel\Intel(R) Management Engine Components\DAL;C:\Users\jessi\AppData\Local\Programs\Python\Python39\Scripts\;C:\Users\jessi\AppData\Local\Programs\Python\Python39\;C:\Users\jessi\AppData\Local\Microsoft\WindowsApps
USERNAME=jessi
OS=Windows_NT
PROCESSOR_IDENTIFIER=Intel64 Family 6 Model 142 Stepping 12, GenuineIntel



---------------  S Y S T E M  ---------------

OS: Windows 10.0 , 64 bit Build 19041 (10.0.19041.928)

CPU:total 8 (initial active 8) (4 cores per cpu, 2 threads per core) family 6 model 142 stepping 12, cmov, cx8, fxsr, mmx, sse, sse2, sse3, ssse3, sse4.1, sse4.2, popcnt, avx, avx2, aes, clmul, erms, 3dnowpref, lzcnt, ht, tsc, tscinvbit, bmi1, bmi2, adx

Memory: 4k page, physical 8262116k(290920k free), swap 8262116k(4072k free)

vm_info: OpenJDK 64-Bit Server VM (25.242-b01) for windows-amd64 JRE (1.8.0_242-release-1644-b01), built by "builder" with MS VC++ 10.0 (VS2010)

time: Sun May 02 12:04:05 2021
timezone: Hora oficial do Brasil
elapsed time: 18 seconds (0d 0h 0m 18s)

